Traceback (most recent call last):
  File "D:/python/1_tutorials/02_automate_boring_stuff/chapter_18_Email_SMS/email_control.py", line 78, in <module>
    res.raise_for_status()
  File "D:\python\1_tutorials\01_python_virtualenv\lib\site-packages\requests\models.py", line 941, in raise_for_status
    raise HTTPError(http_error_msg, response=self)
requests.exceptions.HTTPError: 404 Client Error: Not Found for url: https://nostarch.com/download/Automate_the_Boring_Stuff_2e_onlinels.zip
Traceback (most recent call last):
  File "D:/python/1_tutorials/02_automate_boring_stuff/chapter_18_Email_SMS/email_control.py", line 78, in <module>
    res.raise_for_status()
  File "D:\python\1_tutorials\01_python_virtualenv\lib\site-packages\requests\models.py", line 941, in raise_for_status
    raise HTTPError(http_error_msg, response=self)
requests.exceptions.HTTPError: 404 Client Error: Not Found for url: https://nostarch.com/download/Automate_the_Boring_Stuff_2e_onlinels.zip
Traceback (most recent call last):
  File "D:/python/1_tutorials/02_automate_boring_stuff/chapter_18_Email_SMS/email_control.py", line 78, in <module>
    res.raise_for_status()
  File "D:\python\1_tutorials\01_python_virtualenv\lib\site-packages\requests\models.py", line 941, in raise_for_status
    raise HTTPError(http_error_msg, response=self)
requests.exceptions.HTTPError: 404 Client Error: Not Found for url: https://nostarch.com/download/Automate_the_Boring_Stuff_2e_onlinels.zip
Traceback (most recent call last):
  File "D:/python/1_tutorials/02_automate_boring_stuff/chapter_18_Email_SMS/email_control.py", line 78, in <module>
    res.raise_for_status()
  File "D:\python\1_tutorials\01_python_virtualenv\lib\site-packages\requests\models.py", line 941, in raise_for_status
    raise HTTPError(http_error_msg, response=self)
requests.exceptions.HTTPError: 404 Client Error: Not Found for url: https://nostarch.com/download/Automate_the_Boring_Stuff_2e_onlinels.zip
Traceback (most recent call last):
  File "D:/python/1_tutorials/02_automate_boring_stuff/chapter_18_Email_SMS/email_control.py", line 80, in <module>
    res.raise_for_status()
  File "D:\python\1_tutorials\01_python_virtualenv\lib\site-packages\requests\models.py", line 941, in raise_for_status
    raise HTTPError(http_error_msg, response=self)
requests.exceptions.HTTPError: 404 Client Error: Not Found for url: https://nostarch.com/download/Automate_the_Boring_Stuff_2e_onlinels.zip
